<?xml version="1.0" encoding="UTF-8"?>
<!-- Generated by org.testng.reporters.JUnitXMLReporter -->
<testsuite hostname="LAPTOP-UJRPKSH1" name="Test" tests="2" failures="1" timestamp="11 May 2021 13:03:07 GMT" time="11.681" errors="0">
  <testcase name="testValiditingTitle" time="4.745" classname="testCases.homePage">
    <failure type="java.lang.AssertionError" message="expected [FEATURED COURS8ES] but found [FEATURED COURSES]">
      <![CDATA[java.lang.AssertionError: expected [FEATURED COURS8ES] but found [FEATURED COURSES]
	at testCases.homePage.testValiditingTitle(homePage.java:25)
	at org.apache.maven.surefire.testng.TestNGExecutor.run(TestNGExecutor.java:284)
	at org.apache.maven.surefire.testng.TestNGXmlTestSuite.execute(TestNGXmlTestSuite.java:75)
	at org.apache.maven.surefire.testng.TestNGProvider.invoke(TestNGProvider.java:119)
	at org.apache.maven.surefire.booter.ForkedBooter.runSuitesInProcess(ForkedBooter.java:428)
	at org.apache.maven.surefire.booter.ForkedBooter.execute(ForkedBooter.java:162)
	at org.apache.maven.surefire.booter.ForkedBooter.run(ForkedBooter.java:562)
	at org.apache.maven.surefire.booter.ForkedBooter.main(ForkedBooter.java:548)
... Removed 26 stack frames]]>
    </failure>
  </testcase> <!-- testValiditingTitle -->
  <testcase name="testlogin" time="6.12" classname="testCases.homePage"/>
</testsuite> <!-- Test -->
